
INFO:root:Moved: bb.jpg -> Images/
INFO:root:Moved: hs.png -> Images/
INFO:root:Moved: m.jpg -> Images/
INFO:root:Moved: oneepc.jpg -> Images/
INFO:root:Moved: sg.png -> Images/
INFO:root:Moved: string.jpg -> Images/
INFO:root:Moved: Wallpaper.jpg -> Images/
2025-03-23 16:34:30,218 - INFO - Moved: bb.jpg -> Images/
2025-03-23 16:34:30,218 - INFO - Moved: hs.png -> Images/
2025-03-23 16:34:30,219 - INFO - Moved: m.jpg -> Images/
2025-03-23 16:34:30,219 - INFO - Moved: oneepc.jpg -> Images/
2025-03-23 16:34:30,219 - INFO - Moved: sg.png -> Images/
2025-03-23 16:34:30,219 - INFO - Moved: string.jpg -> Images/
2025-03-23 16:34:30,231 - INFO - Moved: Wallpaper.jpg -> Images/
2025-03-23 16:45:21,829 - INFO - Moved: bb.jpg -> Images/
2025-03-23 16:45:21,830 - INFO - Moved: hs.png -> Images/
2025-03-23 16:45:21,831 - INFO - Moved: m.jpg -> Images/
2025-03-23 16:45:21,831 - INFO - Moved: oneepc.jpg -> Images/
2025-03-23 16:45:21,832 - INFO - Moved: sg.png -> Images/
2025-03-23 16:45:21,833 - INFO - Moved: string.jpg -> Images/
2025-03-23 16:45:21,843 - INFO - Moved: Wallpaper.jpg -> Images/
